2025/11/25 12:31:50 程序启动
2025/11/25 12:31:50 开始终端初始化
2025/11/25 12:31:50 终端初始化耗时: 23.603µs
2025/11/25 12:31:50 获取终端单元格尺寸耗时: 72.161µs
2025/11/25 12:31:50 开始音频服务初始化
2025/11/25 12:31:50 音频服务初始化耗时: 24.496275ms
2025/11/25 12:31:50 开始MPRIS服务初始化
2025/11/25 12:31:50 MPRIS服务初始化耗时: 2.274317ms
2025/11/25 12:31:50 开始App初始化和页面创建
2025/11/25 12:31:50 App初始化和页面创建耗时: 9.738µs
2025/11/25 12:31:50 开始播放音频
2025/11/25 12:31:50 音频播放启动耗时: 6.542µs
2025/11/25 12:31:50 进入主事件循环
2025/11/25 12:31:50 PlayerPage.Init 调用
2025/11/25 12:31:50 PlayerPage.View 调用
2025/11/25 12:31:50 displayAlbumArt 开始
2025/11/25 12:31:50 获取终端尺寸耗时: 51.046999ms
2025/11/25 12:31:50 UI模式决策: showNothing=false, showTextOnly=false, isWideTerminal=false
2025/11/25 12:31:50 打开文件耗时: 65.94µs
2025/11/25 12:31:50 读取元数据(tag)耗时: 365.152µs
2025/11/25 12:31:50 解码图片数据耗时: 29.572477ms
2025/11/25 12:31:50 图片标准化(960x960)耗时: 11.421µs
2025/11/25 12:31:50 图片缩放(Thumbnail)耗时: 280ns
2025/11/25 12:31:53 Sixel编码耗时: 2.85779383s
2025/11/25 12:31:53 分析封面颜色耗时: 8.116018ms
2025/11/25 12:31:53 displayAlbumArt 总耗时: 2.947478275s
2025/11/25 12:31:53 displayAlbumArt 耗时: 2.947500646s
2025/11/25 12:31:53 updateStatus 耗时: 320.742µs
2025/11/25 12:31:53 PlayerPage.Tick 调用
2025/11/25 12:31:53 Tick -> updateStatus 耗时: 345.256µs
2025/11/25 12:31:53 PlayerPage.Tick 调用
2025/11/25 12:31:53 Tick -> updateStatus 耗时: 497.142µs
2025/11/25 12:31:54 PlayerPage.Tick 调用
2025/11/25 12:31:54 Tick -> updateStatus 耗时: 979.988µs
2025/11/25 12:31:54 PlayerPage.Tick 调用
2025/11/25 12:31:54 Tick -> updateStatus 耗时: 478.068µs
2025/11/25 12:31:55 PlayerPage.Tick 调用
2025/11/25 12:31:55 Tick -> updateStatus 耗时: 528.859µs
2025/11/25 12:31:55 PlayerPage.Tick 调用
2025/11/25 12:31:55 Tick -> updateStatus 耗时: 949.409µs
2025/11/25 12:31:56 PlayerPage.Tick 调用
2025/11/25 12:31:56 Tick -> updateStatus 耗时: 412.66µs
2025/11/25 12:31:56 总启动时间: 5.854892621s
